<?xml version="1.0" encoding="UTF-8"?>
<!-- Generated by org.testng.reporters.JUnitReportReporter -->
<testsuite hostname="DESKTOP-OTV5CFD" failures="0" tests="1" name="com.Test.Test2" time="16.161" errors="0" timestamp="2022-10-18T14:03:52 IST" skipped="0">
  <testcase classname="com.Test.Test2" name="Test1" time="16.161"/>
  <system-out/>
</testsuite> <!-- com.Test.Test2 -->
