<?xml version="1.0" encoding="UTF-8"?>
<!-- Generated by org.testng.reporters.JUnitReportReporter -->
<testsuite hostname="DESKTOP-OTV5CFD" failures="0" tests="1" name="com.Test.Test1" time="17.670" errors="0" timestamp="2022-10-17T21:16:45 IST" skipped="0">
  <testcase classname="com.Test.Test1" name="verifyTest1" time="17.670"/>
  <system-out/>
</testsuite> <!-- com.Test.Test1 -->
